IP Upgrade report for space_invaders
Tue Oct 25 12:14:50 2022
Quartus Prime Version 17.0.0 Build 595 04/25/2017 SJ Standard Edition


---------------------
; Table of Contents ;
---------------------
  1. Legal Notice
  2. IP Upgrade Summary
  3. Successfully Upgraded IP Components
  4. IP Upgrade Messages



----------------
; Legal Notice ;
----------------
Copyright (C) 2017  Intel Corporation. All rights reserved.
Your use of Intel Corporation's design tools, logic functions 
and other software and tools, and its AMPP partner logic 
functions, and any output files from any of the foregoing 
(including device programming or simulation files), and any 
associated documentation or information are expressly subject 
to the terms and conditions of the Intel Program License 
Subscription Agreement, the Intel Quartus Prime License Agreement,
the Intel MegaCore Function License Agreement, or other 
applicable license agreement, including, without limitation, 
that your use is for the sole purpose of programming logic 
devices manufactured by Intel and sold by Intel or its 
authorized distributors.  Please refer to the applicable 
agreement for further details.



+--------------------------------------------------------------------------------+
; IP Upgrade Summary                                                             ;
+------------------------------+-------------------------------------------------+
; IP Components Upgrade Status ; Passed - Tue Oct 25 12:14:50 2022               ;
; Quartus Prime Version        ; 17.0.0 Build 595 04/25/2017 SJ Standard Edition ;
; Revision Name                ; space_invaders                                  ;
; Top-level Entity Name        ; space_invaders                                  ;
; Family                       ; Cyclone IV E                                    ;
+------------------------------+-------------------------------------------------+


+------------------------------------------------------------------------------------------------------------------+
; Successfully Upgraded IP Components                                                                              ;
+-------------+----------------+---------+----------------------+----------------------+-----------------+---------+
; Entity Name ; Component Name ; Version ; Original Source File ; Generation File Path ; New Source File ; Message ;
+-------------+----------------+---------+----------------------+----------------------+-----------------+---------+
; vga_clk     ; ALTPLL         ; 15.0    ; vga_clk.qip          ; vga_clk.v            ; vga_clk.qip     ;         ;
+-------------+----------------+---------+----------------------+----------------------+-----------------+---------+


+---------------------+
; IP Upgrade Messages ;
+---------------------+
Info (11902): Backing up file "vga_clk.v" to "vga_clk.BAK.v"
Info (11837): Started upgrading IP component ALTPLL with file "vga_clk.v"
Info (11131): Completed upgrading IP component ALTPLL with file "vga_clk.v"
Info (23030): Evaluation of Tcl script d:/quartus/quartus/common/tcl/internal/ip_regen/ip_regen.tcl was successful
Info: Quartus Prime Shell was successful. 0 errors, 0 warnings
    Info: Peak virtual memory: 4859 megabytes
    Info: Processing ended: Tue Oct 25 12:14:50 2022
    Info: Elapsed time: 00:00:08
    Info: Total CPU time (on all processors): 00:00:16


