EDA Netlist Writer report for space_invaders
Tue Oct 25 18:33:39 2022
Quartus Prime Version 17.0.0 Build 595 04/25/2017 SJ Standard Edition


---------------------
; Table of Contents ;
---------------------
  1. Legal Notice
  2. EDA Netlist Writer Summary
  3. Simulation Settings
  4. Simulation Generated Files
  5. EDA Netlist Writer Messages



----------------
; Legal Notice ;
----------------
Copyright (C) 2017  Intel Corporation. All rights reserved.
Your use of Intel Corporation's design tools, logic functions 
and other software and tools, and its AMPP partner logic 
functions, and any output files from any of the foregoing 
(including device programming or simulation files), and any 
associated documentation or information are expressly subject 
to the terms and conditions of the Intel Program License 
Subscription Agreement, the Intel Quartus Prime License Agreement,
the Intel MegaCore Function License Agreement, or other 
applicable license agreement, including, without limitation, 
that your use is for the sole purpose of programming logic 
devices manufactured by Intel and sold by Intel or its 
authorized distributors.  Please refer to the applicable 
agreement for further details.



+-------------------------------------------------------------------+
; EDA Netlist Writer Summary                                        ;
+---------------------------+---------------------------------------+
; EDA Netlist Writer Status ; Successful - Tue Oct 25 18:33:39 2022 ;
; Revision Name             ; space_invaders                        ;
; Top-level Entity Name     ; space_invaders                        ;
; Family                    ; Cyclone IV E                          ;
; Simulation Files Creation ; Successful                            ;
+---------------------------+---------------------------------------+


+-------------------------------------------------------------------------------------------------------------------------------------+
; Simulation Settings                                                                                                                 ;
+---------------------------------------------------------------------------------------------------+---------------------------------+
; Option                                                                                            ; Setting                         ;
+---------------------------------------------------------------------------------------------------+---------------------------------+
; Tool Name                                                                                         ; ModelSim-Altera (SystemVerilog) ;
; Generate functional simulation netlist                                                            ; Off                             ;
; Time scale                                                                                        ; 1 ps                            ;
; Truncate long hierarchy paths                                                                     ; Off                             ;
; Map illegal HDL characters                                                                        ; Off                             ;
; Flatten buses into individual nodes                                                               ; Off                             ;
; Maintain hierarchy                                                                                ; Off                             ;
; Bring out device-wide set/reset signals as ports                                                  ; Off                             ;
; Enable glitch filtering                                                                           ; Off                             ;
; Do not write top level VHDL entity                                                                ; Off                             ;
; Disable detection of setup and hold time violations in the input registers of bi-directional pins ; Off                             ;
; Architecture name in VHDL output netlist                                                          ; structure                       ;
; Generate third-party EDA tool command script for RTL functional simulation                        ; Off                             ;
; Generate third-party EDA tool command script for gate-level simulation                            ; Off                             ;
+---------------------------------------------------------------------------------------------------+---------------------------------+


+---------------------------------------------------------------------------------------------------------------------------+
; Simulation Generated Files                                                                                                ;
+---------------------------------------------------------------------------------------------------------------------------+
; Generated Files                                                                                                           ;
+---------------------------------------------------------------------------------------------------------------------------+
; E:/FALL/FPGA-Space-Invaders-master/FPGA-Space-Invaders-master/simulation/modelsim/space_invaders_7_1200mv_85c_slow.svo    ;
; E:/FALL/FPGA-Space-Invaders-master/FPGA-Space-Invaders-master/simulation/modelsim/space_invaders_7_1200mv_0c_slow.svo     ;
; E:/FALL/FPGA-Space-Invaders-master/FPGA-Space-Invaders-master/simulation/modelsim/space_invaders_min_1200mv_0c_fast.svo   ;
; E:/FALL/FPGA-Space-Invaders-master/FPGA-Space-Invaders-master/simulation/modelsim/space_invaders.svo                      ;
; E:/FALL/FPGA-Space-Invaders-master/FPGA-Space-Invaders-master/simulation/modelsim/space_invaders_7_1200mv_85c_v_slow.sdo  ;
; E:/FALL/FPGA-Space-Invaders-master/FPGA-Space-Invaders-master/simulation/modelsim/space_invaders_7_1200mv_0c_v_slow.sdo   ;
; E:/FALL/FPGA-Space-Invaders-master/FPGA-Space-Invaders-master/simulation/modelsim/space_invaders_min_1200mv_0c_v_fast.sdo ;
; E:/FALL/FPGA-Space-Invaders-master/FPGA-Space-Invaders-master/simulation/modelsim/space_invaders_v.sdo                    ;
+---------------------------------------------------------------------------------------------------------------------------+


+-----------------------------+
; EDA Netlist Writer Messages ;
+-----------------------------+
Info: *******************************************************************
Info: Running Quartus Prime EDA Netlist Writer
    Info: Version 17.0.0 Build 595 04/25/2017 SJ Standard Edition
    Info: Processing started: Tue Oct 25 18:33:33 2022
Info: Command: quartus_eda --read_settings_files=off --write_settings_files=off space_invaders -c space_invaders
Warning (18236): Number of processors has not been specified which may cause overloading on shared machines.  Set the global assignment NUM_PARALLEL_PROCESSORS in your QSF to an appropriate value for best performance.
Info (204019): Generated file space_invaders_7_1200mv_85c_slow.svo in folder "E:/FALL/FPGA-Space-Invaders-master/FPGA-Space-Invaders-master/simulation/modelsim/" for EDA simulation tool
Info (204019): Generated file space_invaders_7_1200mv_0c_slow.svo in folder "E:/FALL/FPGA-Space-Invaders-master/FPGA-Space-Invaders-master/simulation/modelsim/" for EDA simulation tool
Info (204019): Generated file space_invaders_min_1200mv_0c_fast.svo in folder "E:/FALL/FPGA-Space-Invaders-master/FPGA-Space-Invaders-master/simulation/modelsim/" for EDA simulation tool
Info (204019): Generated file space_invaders.svo in folder "E:/FALL/FPGA-Space-Invaders-master/FPGA-Space-Invaders-master/simulation/modelsim/" for EDA simulation tool
Info (204019): Generated file space_invaders_7_1200mv_85c_v_slow.sdo in folder "E:/FALL/FPGA-Space-Invaders-master/FPGA-Space-Invaders-master/simulation/modelsim/" for EDA simulation tool
Info (204019): Generated file space_invaders_7_1200mv_0c_v_slow.sdo in folder "E:/FALL/FPGA-Space-Invaders-master/FPGA-Space-Invaders-master/simulation/modelsim/" for EDA simulation tool
Info (204019): Generated file space_invaders_min_1200mv_0c_v_fast.sdo in folder "E:/FALL/FPGA-Space-Invaders-master/FPGA-Space-Invaders-master/simulation/modelsim/" for EDA simulation tool
Info (204019): Generated file space_invaders_v.sdo in folder "E:/FALL/FPGA-Space-Invaders-master/FPGA-Space-Invaders-master/simulation/modelsim/" for EDA simulation tool
Info: Quartus Prime EDA Netlist Writer was successful. 0 errors, 1 warning
    Info: Peak virtual memory: 4721 megabytes
    Info: Processing ended: Tue Oct 25 18:33:40 2022
    Info: Elapsed time: 00:00:07
    Info: Total CPU time (on all processors): 00:00:05


